This is pdfTeX, Version 3.14159265-2.6-1.40.15 (TeX Live 2014) (preloaded format=pdflatex 2014.5.25)  9 APR 2015 15:09
entering extended mode
 restricted \write18 enabled.
 %&-line parsing enabled.
**BLpaper_apj.tex -recorder
(./BLpaper_apj.tex
LaTeX2e <2014/05/01>
Babel <3.9k> and hyphenation patterns for 78 languages loaded.
(./emulateapj.cls
Document Class: emulateapj 
\bibbaselineskip=\skip41
(/usr/local/texlive/2014/texmf-dist/tex/latex/revtex4/revtex4.cls
Document Class: revtex4 2001/08/02 v4.0 (http://publish.aps.org/revtex4/ for do
cumentation)
 Copyright (c) 2001 The American Physical Society.
 mailto:revtex@aps.org
 Licensed under the LPPL:
http://www.ctan.org/tex-archive/macros/latex/base/lppl.txt
 Arthur Ogawa <ogawa@teleport.com>
 Based on work by David Carlisle <david@dcarlisle.demon.co.uk>.
ltxutil: portions licensed from W. E. Baxter (web@superscript.com)
Class revtex4 Info: Repairing broken LateX \@sect on input line 596.
\intertabularlinepenalty=\count79
\@tbpen=\count80
\@arstrutbox@hline=\box26
Class revtex4 Info: Repairing broken LaTeX \@xbitor on input line 1610.
ltxgrid: portions licensed from W. E. Baxter (web@superscript.com)
\c@linecount=\count81
\output=\toks14
\@protection@box=\box27
\@topmark@saved=\toks15
\footins@saved=\box28
\pagesofar=\box29
\footbox=\box30
\pagegrid@col=\count82
Class revtex4 Info: Incorporating package {textcase}  [1998/11/12 v0.06 Text on
ly upper/lower case changing (DPC)]. on input line 3682.
(/usr/local/texlive/2014/texmf-dist/tex/latex/url/url.sty
\Urlmuskip=\muskip10
Package: url 2013/09/16  ver 3.4  Verb mode for urls, etc.
)
\c@affil=\count83
\absbox=\box31
\c@part=\count84
\c@section=\count85
\c@subsection=\count86
\c@subsubsection=\count87
\c@paragraph=\count88
\c@subparagraph=\count89
\abovecaptionskip=\skip42
\belowcaptionskip=\skip43
\c@figure=\count90
\c@table=\count91

(/usr/local/texlive/2014/texmf-dist/tex/latex/natbib/natbib.sty
Package: natbib 2010/09/13 8.31b (PWD, AO)
\bibhang=\skip44
\bibsep=\skip45
LaTeX Info: Redefining \cite on input line 694.
\c@NAT@ctr=\count92
)
\widetext@top=\box32
\widetext@bot=\box33

(/usr/local/texlive/2014/texmf-dist/tex/latex/revtex4/revsymb.sty
Package: revsymb 2001/08/02 v4.0 (http://publish.aps.org/revtex4/ for documenta
tion)
LaTeX Info: Redefining \REV@mathfrak on input line 118.
))
(/usr/local/texlive/2014/texmf-dist/tex/latex/revtex4/aps.rtx
File: aps.rtx 2001/08/02 v4.0 (http://publish.aps.org/revtex4/ for documentatio
n)
)
(/usr/local/texlive/2014/texmf-dist/tex/latex/revtex4/10pt.rtx
File: 10pt.rtx 2001/08/02 v4.0 (http://publish.aps.org/revtex4/ for documentati
on)
)
(/usr/local/texlive/2014/texmf-dist/tex/latex/base/latexsym.sty
Package: latexsym 1998/08/17 v2.2e Standard LaTeX package (lasy symbols)
\symlasy=\mathgroup4
LaTeX Font Info:    Overwriting symbol font `lasy' in version `bold'
(Font)                  U/lasy/m/n --> U/lasy/b/n on input line 47.
)
(/usr/local/texlive/2014/texmf-dist/tex/latex/graphics/graphicx.sty
Package: graphicx 2014/04/25 v1.0g Enhanced LaTeX Graphics (DPC,SPQR)

(/usr/local/texlive/2014/texmf-dist/tex/latex/graphics/keyval.sty
Package: keyval 2014/05/08 v1.15 key=value parser (DPC)
\KV@toks@=\toks16
)
(/usr/local/texlive/2014/texmf-dist/tex/latex/graphics/graphics.sty
Package: graphics 2009/02/05 v1.0o Standard LaTeX Graphics (DPC,SPQR)

(/usr/local/texlive/2014/texmf-dist/tex/latex/graphics/trig.sty
Package: trig 1999/03/16 v1.09 sin cos tan (DPC)
)
(/usr/local/texlive/2014/texmf-dist/tex/latex/latexconfig/graphics.cfg
File: graphics.cfg 2010/04/23 v1.9 graphics configuration of TeX Live
)
Package graphics Info: Driver file: pdftex.def on input line 91.

(/usr/local/texlive/2014/texmf-dist/tex/latex/pdftex-def/pdftex.def
File: pdftex.def 2011/05/27 v0.06d Graphics/color for pdfTeX

(/usr/local/texlive/2014/texmf-dist/tex/generic/oberdiek/infwarerr.sty
Package: infwarerr 2010/04/08 v1.3 Providing info/warning/error messages (HO)
)
(/usr/local/texlive/2014/texmf-dist/tex/generic/oberdiek/ltxcmds.sty
Package: ltxcmds 2011/11/09 v1.22 LaTeX kernel commands for general use (HO)
)
\Gread@gobject=\count93
))
\Gin@req@height=\dimen102
\Gin@req@width=\dimen103
)
(/usr/local/texlive/2014/texmf-dist/tex/latex/amsfonts/amssymb.sty
Package: amssymb 2013/01/14 v3.01 AMS font symbols

(/usr/local/texlive/2014/texmf-dist/tex/latex/amsfonts/amsfonts.sty
Package: amsfonts 2013/01/14 v3.01 Basic AMSFonts support
\@emptytoks=\toks17
\symAMSa=\mathgroup5
\symAMSb=\mathgroup6
LaTeX Font Info:    Overwriting math alphabet `\mathfrak' in version `bold'
(Font)                  U/euf/m/n --> U/euf/b/n on input line 106.
LaTeX Info: Redefining \frak on input line 111.
LaTeX Info: Redefining \Bbb on input line 113.
))
(/usr/local/texlive/2014/texmf-dist/tex/latex/tools/longtable.sty
Package: longtable 2004/02/01 v4.11 Multi-page Table package (DPC)
\LTleft=\skip46
\LTright=\skip47
\LTpre=\skip48
\LTpost=\skip49
\LTchunksize=\count94
\LTcapwidth=\dimen104
\LT@head=\box34
\LT@firsthead=\box35
\LT@foot=\box36
\LT@lastfoot=\box37
\LT@cols=\count95
\LT@rows=\count96
\c@LT@tables=\count97
\c@LT@chunks=\count98
\LT@p@ftn=\toks18
)
(/usr/local/texlive/2014/texmf-dist/tex/generic/epsf/epsf.sty
This is `epsf.tex' v2.7.4 <14 February 2011>
\epsffilein=\read1
\epsfframemargin=\dimen105
\epsfframethickness=\dimen106
\epsfrsize=\dimen107
\epsftmp=\dimen108
\epsftsize=\dimen109
\epsfxsize=\dimen110
\epsfysize=\dimen111
\pspoints=\dimen112
)
\c@front@matter@foot@note=\count99
\alt@affil@toks=\toks19
\alt@affil@toks@count=\toks20
\keys@width=\skip50
\c@lastfootnote=\count100
\c@remember@figure@num=\count101
\c@remember@table@num=\count102
\bibindent=\dimen113
\plot@width=\skip51
\c@table@save=\count103
\table@note@skip=\skip52
\deluxe@table@width=\skip53
\@d@t@a=\skip54
\c@deluxe@table@num=\count104
\abovedeluxetableskip=\skip55
\belowdeluxetableskip=\skip56
\lastrowheight=\dimen114
\DT@p@ftn=\toks21
\pt@column=\count105
\pt@ncol=\count106
) (/usr/local/texlive/2014/texmf-dist/tex/latex/tools/bm.sty
Package: bm 2004/02/26 v1.1c Bold Symbol Support (DPC/FMi)
\symboldoperators=\mathgroup7
\symboldletters=\mathgroup8
\symboldsymbols=\mathgroup9
\symboldlasy=\mathgroup10
LaTeX Font Info:    Redeclaring math alphabet \mathbf on input line 137.
LaTeX Info: Redefining \bm on input line 203.
)
(/usr/local/texlive/2014/texmf-dist/tex/latex/graphics/epsfig.sty
Package: epsfig 1999/02/16 v1.7a (e)psfig emulation (SPQR)
\epsfxsize=\dimen115
\epsfysize=\dimen116
)
(/usr/local/texlive/2014/texmf-dist/tex/generic/dvips/rotate.sty
\@rotdimen=\dimen117
\@rotbox=\box38
)
(/usr/local/texlive/2014/texmf-dist/tex/latex/graphics/lscape.sty
Package: lscape 2000/10/22 v3.01 Landscape Pages (DPC)
)
(/usr/local/texlive/2014/texmf-dist/tex/latex/amsmath/amsmath.sty
Package: amsmath 2013/01/14 v2.14 AMS math features
\@mathmargin=\skip57

For additional information on amsmath, use the `?' option.
(/usr/local/texlive/2014/texmf-dist/tex/latex/amsmath/amstext.sty
Package: amstext 2000/06/29 v2.01

(/usr/local/texlive/2014/texmf-dist/tex/latex/amsmath/amsgen.sty
File: amsgen.sty 1999/11/30 v2.0
\@emptytoks=\toks22
\ex@=\dimen118
))
(/usr/local/texlive/2014/texmf-dist/tex/latex/amsmath/amsbsy.sty
Package: amsbsy 1999/11/29 v1.2d
LaTeX Info: Redefining \boldsymbol on input line 39.
\pmbraise@=\dimen119
)
(/usr/local/texlive/2014/texmf-dist/tex/latex/amsmath/amsopn.sty
Package: amsopn 1999/12/14 v2.01 operator names
)
\inf@bad=\count107
LaTeX Info: Redefining \frac on input line 210.
\uproot@=\count108
\leftroot@=\count109
LaTeX Info: Redefining \overline on input line 306.
\classnum@=\count110
\DOTSCASE@=\count111
LaTeX Info: Redefining \ldots on input line 378.
LaTeX Info: Redefining \dots on input line 381.
LaTeX Info: Redefining \cdots on input line 466.
\Mathstrutbox@=\box39
\strutbox@=\box40
\big@size=\dimen120
LaTeX Font Info:    Redeclaring font encoding OML on input line 566.
LaTeX Font Info:    Redeclaring font encoding OMS on input line 567.
\macc@depth=\count112
\c@MaxMatrixCols=\count113
\dotsspace@=\muskip11
\c@parentequation=\count114
\dspbrk@lvl=\count115
\tag@help=\toks23
\row@=\count116
\column@=\count117
\maxfields@=\count118
\andhelp@=\toks24
\eqnshift@=\dimen121
\alignsep@=\dimen122
\tagshift@=\dimen123
\tagwidth@=\dimen124
\totwidth@=\dimen125
\lineht@=\dimen126
\@envbody=\toks25
\multlinegap=\skip58
\multlinetaggap=\skip59
\mathdisplay@stack=\toks26
LaTeX Info: Redefining \[ on input line 2665.
LaTeX Info: Redefining \] on input line 2666.
)
(/usr/local/texlive/2014/texmf-dist/tex/latex/amscls/amsthm.sty
Package: amsthm 2004/08/06 v2.20
\thm@style=\toks27
\thm@bodyfont=\toks28
\thm@headfont=\toks29
\thm@notefont=\toks30
\thm@headpunct=\toks31
\thm@preskip=\skip60
\thm@postskip=\skip61
\thm@headsep=\skip62
\dth@everypar=\toks32
)
(/usr/local/texlive/2014/texmf-dist/tex/latex/float/float.sty
Package: float 2001/11/08 v1.3d Float enhancements (AL)
\c@float@type=\count119
\float@exts=\toks33
\float@box=\box41
\@float@everytoks=\toks34
\@floatcapt=\box42
)
(/usr/local/texlive/2014/texmf-dist/tex/latex/hyperref/hyperref.sty
Package: hyperref 2012/11/06 v6.83m Hypertext links for LaTeX

(/usr/local/texlive/2014/texmf-dist/tex/generic/oberdiek/hobsub-hyperref.sty
Package: hobsub-hyperref 2012/05/28 v1.13 Bundle oberdiek, subset hyperref (HO)


(/usr/local/texlive/2014/texmf-dist/tex/generic/oberdiek/hobsub-generic.sty
Package: hobsub-generic 2012/05/28 v1.13 Bundle oberdiek, subset generic (HO)
Package: hobsub 2012/05/28 v1.13 Construct package bundles (HO)
Package hobsub Info: Skipping package `infwarerr' (already loaded).
Package hobsub Info: Skipping package `ltxcmds' (already loaded).
Package: ifluatex 2010/03/01 v1.3 Provides the ifluatex switch (HO)
Package ifluatex Info: LuaTeX not detected.
Package: ifvtex 2010/03/01 v1.5 Detect VTeX and its facilities (HO)
Package ifvtex Info: VTeX not detected.
Package: intcalc 2007/09/27 v1.1 Expandable calculations with integers (HO)
Package: ifpdf 2011/01/30 v2.3 Provides the ifpdf switch (HO)
Package ifpdf Info: pdfTeX in PDF mode is detected.
Package: etexcmds 2011/02/16 v1.5 Avoid name clashes with e-TeX commands (HO)
Package etexcmds Info: Could not find \expanded.
(etexcmds)             That can mean that you are not using pdfTeX 1.50 or
(etexcmds)             that some package has redefined \expanded.
(etexcmds)             In the latter case, load this package earlier.
Package: kvsetkeys 2012/04/25 v1.16 Key value parser (HO)
Package: kvdefinekeys 2011/04/07 v1.3 Define keys (HO)
Package: pdftexcmds 2011/11/29 v0.20 Utility functions of pdfTeX for LuaTeX (HO
)
Package pdftexcmds Info: LuaTeX not detected.
Package pdftexcmds Info: \pdf@primitive is available.
Package pdftexcmds Info: \pdf@ifprimitive is available.
Package pdftexcmds Info: \pdfdraftmode found.
Package: pdfescape 2011/11/25 v1.13 Implements pdfTeX's escape features (HO)
Package: bigintcalc 2012/04/08 v1.3 Expandable calculations on big integers (HO
)
Package: bitset 2011/01/30 v1.1 Handle bit-vector datatype (HO)
Package: uniquecounter 2011/01/30 v1.2 Provide unlimited unique counter (HO)
)
Package hobsub Info: Skipping package `hobsub' (already loaded).
Package: letltxmacro 2010/09/02 v1.4 Let assignment for LaTeX macros (HO)
Package: hopatch 2012/05/28 v1.2 Wrapper for package hooks (HO)
Package: xcolor-patch 2011/01/30 xcolor patch
Package: atveryend 2011/06/30 v1.8 Hooks at the very end of document (HO)
Package: atbegshi 2011/10/05 v1.16 At begin shipout hook (HO)
Package: refcount 2011/10/16 v3.4 Data extraction from label references (HO)
Package: hycolor 2011/01/30 v1.7 Color options for hyperref/bookmark (HO)
)
(/usr/local/texlive/2014/texmf-dist/tex/generic/ifxetex/ifxetex.sty
Package: ifxetex 2010/09/12 v0.6 Provides ifxetex conditional
)
(/usr/local/texlive/2014/texmf-dist/tex/latex/oberdiek/auxhook.sty
Package: auxhook 2011/03/04 v1.3 Hooks for auxiliary files (HO)
)
(/usr/local/texlive/2014/texmf-dist/tex/latex/oberdiek/kvoptions.sty
Package: kvoptions 2011/06/30 v3.11 Key value format for package options (HO)
)
\@linkdim=\dimen127
\Hy@linkcounter=\count120
\Hy@pagecounter=\count121

(/usr/local/texlive/2014/texmf-dist/tex/latex/hyperref/pd1enc.def
File: pd1enc.def 2012/11/06 v6.83m Hyperref: PDFDocEncoding definition (HO)
)
\Hy@SavedSpaceFactor=\count122

(/usr/local/texlive/2014/texmf-dist/tex/latex/latexconfig/hyperref.cfg
File: hyperref.cfg 2002/06/06 v1.2 hyperref configuration of TeXLive
)
Package hyperref Info: Hyper figures OFF on input line 4443.
Package hyperref Info: Link nesting OFF on input line 4448.
Package hyperref Info: Hyper index ON on input line 4451.
Package hyperref Info: Plain pages OFF on input line 4458.
Package hyperref Info: Backreferencing OFF on input line 4463.
Package hyperref Info: Implicit mode ON; LaTeX internals redefined.
Package hyperref Info: Bookmarks ON on input line 4688.
\c@Hy@tempcnt=\count123
LaTeX Info: Redefining \url on input line 5041.
\XeTeXLinkMargin=\dimen128
\Fld@menulength=\count124
\Field@Width=\dimen129
\Fld@charsize=\dimen130
Package hyperref Info: Hyper figures OFF on input line 6295.
Package hyperref Info: Link nesting OFF on input line 6300.
Package hyperref Info: Hyper index ON on input line 6303.
Package hyperref Info: backreferencing OFF on input line 6310.
Package hyperref Info: Link coloring OFF on input line 6315.
Package hyperref Info: Link coloring with OCG OFF on input line 6320.
Package hyperref Info: PDF/A mode OFF on input line 6325.
LaTeX Info: Redefining \ref on input line 6365.
LaTeX Info: Redefining \pageref on input line 6369.
\Hy@abspage=\count125
\c@Item=\count126
\c@Hfootnote=\count127
)

Package hyperref Message: Driver (autodetected): hpdftex.

(/usr/local/texlive/2014/texmf-dist/tex/latex/hyperref/hpdftex.def
File: hpdftex.def 2012/11/06 v6.83m Hyperref driver for pdfTeX
\Fld@listcount=\count128
\c@bookmark@seq@number=\count129

(/usr/local/texlive/2014/texmf-dist/tex/latex/oberdiek/rerunfilecheck.sty
Package: rerunfilecheck 2011/04/15 v1.7 Rerun checks for auxiliary files (HO)
Package uniquecounter Info: New unique counter `rerunfilecheck' on input line 2
82.
)
\Hy@SectionHShift=\skip63
)
(/usr/local/texlive/2014/texmf-dist/tex/latex/tools/delarray.sty
Package: delarray 1994/03/14 v1.01 array delimiter package (DPC)

(/usr/local/texlive/2014/texmf-dist/tex/latex/tools/array.sty
Package: array 2008/09/09 v2.4c Tabular extension package (FMi)
\col@sep=\dimen131
\extrarowheight=\dimen132
\NC@list=\toks35
\extratabsurround=\skip64
\backup@length=\skip65
))
(/usr/local/texlive/2014/texmf-dist/tex/latex/amsmath/amscd.sty
Package: amscd 1999/11/29 v2.0
\athelp@=\toks36
\minaw@=\dimen133
\bigaw@=\dimen134
\minCDarrowwidth=\dimen135
)
(/usr/local/texlive/2014/texmf-dist/tex/latex/psnfss/pifont.sty
Package: pifont 2005/04/12 PSNFSS-v9.2a Pi font support (SPQR) 
LaTeX Font Info:    Try loading font information for U+pzd on input line 63.

(/usr/local/texlive/2014/texmf-dist/tex/latex/psnfss/upzd.fd
File: upzd.fd 2001/06/04 font definitions for U/pzd.
)
LaTeX Font Info:    Try loading font information for U+psy on input line 64.

(/usr/local/texlive/2014/texmf-dist/tex/latex/psnfss/upsy.fd
File: upsy.fd 2001/06/04 font definitions for U/psy.
))
(/usr/local/texlive/2014/texmf-dist/tex/latex/graphics/color.sty
Package: color 2014/04/23 v1.1a Standard LaTeX Color (DPC)

(/usr/local/texlive/2014/texmf-dist/tex/latex/latexconfig/color.cfg
File: color.cfg 2007/01/18 v1.5 color configuration of teTeX/TeXLive
)
Package color Info: Driver file: pdftex.def on input line 137.
)
(/usr/local/texlive/2014/texmf-dist/tex/latex/multirow/multirow.sty
\bigstrutjot=\dimen136
)
(/usr/local/texlive/2014/texmf-dist/tex/latex/algorithmicx/algorithmicx.sty
Package: algorithmicx 2005/04/27 v1.2 Algorithmicx

(/usr/local/texlive/2014/texmf-dist/tex/latex/base/ifthen.sty
Package: ifthen 2001/05/26 v1.1c Standard LaTeX ifthen package (DPC)
)
Document Style algorithmicx 1.2 - a greatly improved `algorithmic' style
\c@ALG@line=\count130
\c@ALG@rem=\count131
\c@ALG@nested=\count132
\ALG@tlm=\skip66
\ALG@thistlm=\skip67
\c@ALG@Lnr=\count133
\c@ALG@blocknr=\count134
\c@ALG@storecount=\count135
\c@ALG@tmpcounter=\count136
\ALG@tmplength=\skip68
) (/usr/local/texlive/2014/texmf-dist/tex/latex/algorithms/algorithm.sty
Package: algorithm 2009/08/24 v0.1 Document Style `algorithm' - floating enviro
nment
\@float@every@algorithm=\toks37
\c@algorithm=\count137
)
(/usr/local/texlive/2014/texmf-dist/tex/latex/tools/enumerate.sty
Package: enumerate 1999/03/05 v3.00 enumerate extensions (DPC)
\@enLab=\toks38
)
\c@claim=\count138
\c@proposition=\count139
\c@theorem=\count140
\c@lemma=\count141
\c@conjecture=\count142
\c@definition=\count143
\c@notation=\count144

(./BLpaper_apj.aux)
\openout1 = `BLpaper_apj.aux'.

LaTeX Font Info:    Checking defaults for OML/cmm/m/it on input line 38.
LaTeX Font Info:    ... okay on input line 38.
LaTeX Font Info:    Checking defaults for T1/cmr/m/n on input line 38.
LaTeX Font Info:    ... okay on input line 38.
LaTeX Font Info:    Checking defaults for OT1/cmr/m/n on input line 38.
LaTeX Font Info:    ... okay on input line 38.
LaTeX Font Info:    Checking defaults for OMS/cmsy/m/n on input line 38.
LaTeX Font Info:    ... okay on input line 38.
LaTeX Font Info:    Checking defaults for OMX/cmex/m/n on input line 38.
LaTeX Font Info:    ... okay on input line 38.
LaTeX Font Info:    Checking defaults for U/cmr/m/n on input line 38.
LaTeX Font Info:    ... okay on input line 38.
LaTeX Font Info:    Checking defaults for PD1/pdf/m/n on input line 38.
LaTeX Font Info:    ... okay on input line 38.
Class revtex4 Info: Patching array package. on input line 38.
Class revtex4 Info: Patching unrecognized longtable package. (Proceeding with f
ingers crossed) on input line 38.
Class revtex4 Info: cite was not loaded (OK!) on input line 38.
Class revtex4 Info: multicol was not loaded (OK!) on input line 38.

(/usr/local/texlive/2014/texmf-dist/tex/context/base/supp-pdf.mkii
[Loading MPS to PDF converter (version 2006.09.02).]
\scratchcounter=\count145
\scratchdimen=\dimen137
\scratchbox=\box43
\nofMPsegments=\count146
\nofMParguments=\count147
\everyMPshowfont=\toks39
\MPscratchCnt=\count148
\MPscratchDim=\dimen138
\MPnumerator=\count149
\makeMPintoPDFobject=\count150
\everyMPtoPDFconversion=\toks40
) (/usr/local/texlive/2014/texmf-dist/tex/latex/oberdiek/epstopdf-base.sty
Package: epstopdf-base 2010/02/09 v2.5 Base part for package epstopdf

(/usr/local/texlive/2014/texmf-dist/tex/latex/oberdiek/grfext.sty
Package: grfext 2010/08/19 v1.1 Manage graphics extensions (HO)
)
Package grfext Info: Graphics extension search list:
(grfext)             [.png,.pdf,.jpg,.mps,.jpeg,.jbig2,.jb2,.PNG,.PDF,.JPG,.JPE
G,.JBIG2,.JB2,.eps]
(grfext)             \AppendGraphicsExtensions on input line 452.

(/usr/local/texlive/2014/texmf-dist/tex/latex/latexconfig/epstopdf-sys.cfg
File: epstopdf-sys.cfg 2010/07/13 v1.3 Configuration of (r)epstopdf for TeX Liv
e
))
\AtBeginShipoutBox=\box44


Package hyperref Warning: Height of page (\paperheight) is invalid (0.0pt),
(hyperref)                using 11in.

Package hyperref Info: Link coloring OFF on input line 38.
(/usr/local/texlive/2014/texmf-dist/tex/latex/hyperref/nameref.sty
Package: nameref 2012/10/27 v2.43 Cross-referencing by name of section

(/usr/local/texlive/2014/texmf-dist/tex/generic/oberdiek/gettitlestring.sty
Package: gettitlestring 2010/12/03 v1.4 Cleanup title references (HO)
)
\c@section@level=\count151
)
LaTeX Info: Redefining \ref on input line 38.
LaTeX Info: Redefining \pageref on input line 38.
LaTeX Info: Redefining \nameref on input line 38.

(./BLpaper_apj.out) (./BLpaper_apj.out)
\@outlinefile=\write3
\openout3 = `BLpaper_apj.out'.

LaTeX Font Info:    Try loading font information for U+lasy on input line 62.

(/usr/local/texlive/2014/texmf-dist/tex/latex/base/ulasy.fd
File: ulasy.fd 1998/08/17 v2.2e LaTeX symbol font definitions
)
LaTeX Font Info:    Try loading font information for U+msa on input line 62.

(/usr/local/texlive/2014/texmf-dist/tex/latex/amsfonts/umsa.fd
File: umsa.fd 2013/01/14 v3.01 AMS symbols A
)
LaTeX Font Info:    Try loading font information for U+msb on input line 62.

(/usr/local/texlive/2014/texmf-dist/tex/latex/amsfonts/umsb.fd
File: umsb.fd 2013/01/14 v3.01 AMS symbols B
)
LaTeX Font Info:    Font shape `U/lasy/b/n' in size <7> not available
(Font)              Font shape `U/lasy/m/n' tried instead on input line 62.
LaTeX Font Info:    Font shape `U/lasy/b/n' in size <5> not available
(Font)              Font shape `U/lasy/m/n' tried instead on input line 62.
LaTeX Font Info:    Font shape `U/lasy/b/n' in size <9> not available
(Font)              Font shape `U/lasy/m/n' tried instead on input line 62.
LaTeX Font Info:    Font shape `U/lasy/b/n' in size <6> not available
(Font)              Font shape `U/lasy/m/n' tried instead on input line 62.
 [1{/usr/local/texlive/2014/texmf-var/fonts/map/pdftex/updmap/pdftex.map}]

Package amsfonts Warning: Obsolete command \Bbb; \mathbb should be used instead
 on input line 91.

[2] <figure1a.pdf, id=114, 448.07399pt x 346.89601pt>
File: figure1a.pdf Graphic file (type pdf)
 <use figure1a.pdf>
Package pdftex.def Info: figure1a.pdf used on input line 157.
(pdftex.def)             Requested size: 186.69931pt x 144.54pt.

<figure1b.pdf, id=115, 448.07399pt x 346.89601pt>
File: figure1b.pdf Graphic file (type pdf)
 <use figure1b.pdf>
Package pdftex.def Info: figure1b.pdf used on input line 158.
(pdftex.def)             Requested size: 186.69931pt x 144.54pt.
LaTeX Font Info:    Font shape `U/lasy/b/n' in size <8> not available
(Font)              Font shape `U/lasy/m/n' tried instead on input line 161.
 [3 <./figure1a.pdf> <./figure1b.pdf

pdfTeX warning: pdflatex (file ./figure1b.pdf): PDF inclusion: multiple pdfs wi
th page group included in a single page
>] <figure2a.pdf, id=219, 463.63527pt x 394.87212pt>
File: figure2a.pdf Graphic file (type pdf)
 <use figure2a.pdf>
Package pdftex.def Info: figure2a.pdf used on input line 241.
(pdftex.def)             Requested size: 203.65349pt x 173.44756pt.

<figure2b.pdf, id=220, 463.63527pt x 397.33444pt>
File: figure2b.pdf Graphic file (type pdf)
 <use figure2b.pdf>
Package pdftex.def Info: figure2b.pdf used on input line 241.
(pdftex.def)             Requested size: 202.38716pt x 173.44756pt.

<figure2c.pdf, id=221, 463.63527pt x 397.33444pt>
File: figure2c.pdf Graphic file (type pdf)
 <use figure2c.pdf>
Package pdftex.def Info: figure2c.pdf used on input line 242.
(pdftex.def)             Requested size: 202.38716pt x 173.44756pt.

<figure2d.pdf, id=222, 463.63527pt x 397.33444pt>
File: figure2d.pdf Graphic file (type pdf)
 <use figure2d.pdf>
Package pdftex.def Info: figure2d.pdf used on input line 242.
(pdftex.def)             Requested size: 202.38716pt x 173.44756pt.


Package hyperref Warning: Token not allowed in a PDF string (PDFDocEncoding):
(hyperref)                removing `math shift' on input line 260.


Package hyperref Warning: Token not allowed in a PDF string (PDFDocEncoding):
(hyperref)                removing `\phi' on input line 260.


Package hyperref Warning: Token not allowed in a PDF string (PDFDocEncoding):
(hyperref)                removing `\setbox' on input line 260.


Package hyperref Warning: Token not allowed in a PDF string (PDFDocEncoding):
(hyperref)                removing `\z@' on input line 260.


Package hyperref Warning: Token not allowed in a PDF string (PDFDocEncoding):
(hyperref)                removing `\hbox' on input line 260.


Package hyperref Warning: Token not allowed in a PDF string (PDFDocEncoding):
(hyperref)                removing `\frozen@everymath' on input line 260.


Package hyperref Warning: Token not allowed in a PDF string (PDFDocEncoding):
(hyperref)                removing `\@emptytoks' on input line 260.


Package hyperref Warning: Token not allowed in a PDF string (PDFDocEncoding):
(hyperref)                removing `\mathsurround' on input line 260.


Package hyperref Warning: Token not allowed in a PDF string (PDFDocEncoding):
(hyperref)                removing `\z@' on input line 260.


Package hyperref Warning: Token not allowed in a PDF string (PDFDocEncoding):
(hyperref)                removing `math shift' on input line 260.


Package hyperref Warning: Token not allowed in a PDF string (PDFDocEncoding):
(hyperref)                removing `\textstyle' on input line 260.


Package hyperref Warning: Token not allowed in a PDF string (PDFDocEncoding):
(hyperref)                removing `math shift' on input line 260.


Package hyperref Warning: Token not allowed in a PDF string (PDFDocEncoding):
(hyperref)                removing `\mathaccent' on input line 260.


Package hyperref Warning: Token not allowed in a PDF string (PDFDocEncoding):
(hyperref)                removing `math shift' on input line 260.

Package hyperref Info: bookmark level for unknown algorithm defaults to 0 on in
put line 285.
[4] [5 <./figure2a.pdf> <./figure2b.pdf

pdfTeX warning: pdflatex (file ./figure2b.pdf): PDF inclusion: multiple pdfs wi
th page group included in a single page
> <./figure2c.pdf

pdfTeX warning: pdflatex (file ./figure2c.pdf): PDF inclusion: multiple pdfs wi
th page group included in a single page
> <./figure2d.pdf

pdfTeX warning: pdflatex (file ./figure2d.pdf): PDF inclusion: multiple pdfs wi
th page group included in a single page
>]

Package hyperref Warning: Token not allowed in a PDF string (PDFDocEncoding):
(hyperref)                removing `math shift' on input line 371.


Package hyperref Warning: Token not allowed in a PDF string (PDFDocEncoding):
(hyperref)                removing `\setbox' on input line 371.


Package hyperref Warning: Token not allowed in a PDF string (PDFDocEncoding):
(hyperref)                removing `\z@' on input line 371.


Package hyperref Warning: Token not allowed in a PDF string (PDFDocEncoding):
(hyperref)                removing `\hbox' on input line 371.


Package hyperref Warning: Token not allowed in a PDF string (PDFDocEncoding):
(hyperref)                removing `\frozen@everymath' on input line 371.


Package hyperref Warning: Token not allowed in a PDF string (PDFDocEncoding):
(hyperref)                removing `\@emptytoks' on input line 371.


Package hyperref Warning: Token not allowed in a PDF string (PDFDocEncoding):
(hyperref)                removing `\mathsurround' on input line 371.


Package hyperref Warning: Token not allowed in a PDF string (PDFDocEncoding):
(hyperref)                removing `\z@' on input line 371.


Package hyperref Warning: Token not allowed in a PDF string (PDFDocEncoding):
(hyperref)                removing `math shift' on input line 371.


Package hyperref Warning: Token not allowed in a PDF string (PDFDocEncoding):
(hyperref)                removing `\textstyle' on input line 371.


Package hyperref Warning: Token not allowed in a PDF string (PDFDocEncoding):
(hyperref)                removing `math shift' on input line 371.


Package hyperref Warning: Token not allowed in a PDF string (PDFDocEncoding):
(hyperref)                removing `\mathaccent' on input line 371.


Package hyperref Warning: Token not allowed in a PDF string (PDFDocEncoding):
(hyperref)                removing `\phi' on input line 371.


Package hyperref Warning: Token not allowed in a PDF string (PDFDocEncoding):
(hyperref)                removing `math shift' on input line 371.

[6] <figure3a.pdf, id=1481, 458.4879pt x 374.24136pt>
File: figure3a.pdf Graphic file (type pdf)
 <use figure3a.pdf>
Package pdftex.def Info: figure3a.pdf used on input line 390.
(pdftex.def)             Requested size: 221.34494pt x 180.67499pt.

<figure3b.pdf, id=1482, 472.9419pt x 386.61765pt>
File: figure3b.pdf Graphic file (type pdf)
 <use figure3b.pdf>
Package pdftex.def Info: figure3b.pdf used on input line 391.
(pdftex.def)             Requested size: 229.86005pt x 187.90244pt.
 [7 <./figure3a.pdf> <./figure3b.pdf

pdfTeX warning: pdflatex (file ./figure3b.pdf): PDF inclusion: multiple pdfs wi
th page group included in a single page
>] <figure4.pdf, id=1551, 512.26067pt x 402.67627pt>
File: figure4.pdf Graphic file (type pdf)
 <use figure4.pdf>
Package pdftex.def Info: figure4.pdf used on input line 475.
(pdftex.def)             Requested size: 256.55872pt x 201.67557pt.
 [8]
<figure5a.pdf, id=1575, 395.39908pt x 393.72093pt>
File: figure5a.pdf Graphic file (type pdf)
 <use figure5a.pdf>
Package pdftex.def Info: figure5a.pdf used on input line 498.
(pdftex.def)             Requested size: 152.41313pt x 151.76744pt.

<figure5b.pdf, id=1576, 395.39908pt x 393.72093pt>
File: figure5b.pdf Graphic file (type pdf)
 <use figure5b.pdf>
Package pdftex.def Info: figure5b.pdf used on input line 499.
(pdftex.def)             Requested size: 152.41313pt x 151.76744pt.

<figure5c.pdf, id=1577, 395.39908pt x 393.72093pt>
File: figure5c.pdf Graphic file (type pdf)
 <use figure5c.pdf>
Package pdftex.def Info: figure5c.pdf used on input line 500.
(pdftex.def)             Requested size: 152.41313pt x 151.76744pt.

<figure6a.pdf, id=1579, 395.39908pt x 409.42021pt>
File: figure6a.pdf Graphic file (type pdf)
 <use figure6a.pdf>
Package pdftex.def Info: figure6a.pdf used on input line 511.
(pdftex.def)             Requested size: 181.46948pt x 187.90244pt.

<figure6b.pdf, id=1580, 470.20042pt x 409.78094pt>
File: figure6b.pdf Graphic file (type pdf)
 <use figure6b.pdf>
Package pdftex.def Info: figure6b.pdf used on input line 512.
(pdftex.def)             Requested size: 215.61322pt x 187.90244pt.

<figure6c.pdf, id=1581, 395.39908pt x 409.78094pt>
File: figure6c.pdf Graphic file (type pdf)
 <use figure6c.pdf>
Package pdftex.def Info: figure6c.pdf used on input line 513.
(pdftex.def)             Requested size: 181.31262pt x 187.90244pt.

<figure6d.pdf, id=1582, 482.32384pt x 411.78844pt>
File: figure6d.pdf Graphic file (type pdf)
 <use figure6d.pdf>
Package pdftex.def Info: figure6d.pdf used on input line 514.
(pdftex.def)             Requested size: 220.0906pt x 187.90244pt.

<figure7a.pdf, id=1583, 482.36774pt x 405.8914pt>
File: figure7a.pdf Graphic file (type pdf)
 <use figure7a.pdf>
Package pdftex.def Info: figure7a.pdf used on input line 525.
(pdftex.def)             Requested size: 214.72289pt x 180.67499pt.

<figure7b.pdf, id=1584, 481.92859pt x 405.8914pt>
File: figure7b.pdf Graphic file (type pdf)
 <use figure7b.pdf>
Package pdftex.def Info: figure7b.pdf used on input line 526.
(pdftex.def)             Requested size: 214.5274pt x 180.67499pt.
 [9 <./figure4.pdf> <./figure5a.pdf

pdfTeX warning: pdflatex (file ./figure5a.pdf): PDF inclusion: multiple pdfs wi
th page group included in a single page
> <./figure5b.pdf

pdfTeX warning: pdflatex (file ./figure5b.pdf): PDF inclusion: multiple pdfs wi
th page group included in a single page
> <./figure5c.pdf

pdfTeX warning: pdflatex (file ./figure5c.pdf): PDF inclusion: multiple pdfs wi
th page group included in a single page
>] [10 <./figure6a.pdf> <./figure6b.pdf

pdfTeX warning: pdflatex (file ./figure6b.pdf): PDF inclusion: multiple pdfs wi
th page group included in a single page
> <./figure6c.pdf

pdfTeX warning: pdflatex (file ./figure6c.pdf): PDF inclusion: multiple pdfs wi
th page group included in a single page
> <./figure6d.pdf

pdfTeX warning: pdflatex (file ./figure6d.pdf): PDF inclusion: multiple pdfs wi
th page group included in a single page
> <./figure7a.pdf

pdfTeX warning: pdflatex (file ./figure7a.pdf): PDF inclusion: multiple pdfs wi
th page group included in a single page
> <./figure7b.pdf

pdfTeX warning: pdflatex (file ./figure7b.pdf): PDF inclusion: multiple pdfs wi
th page group included in a single page
>] <figure8a.pdf, id=2482, 472.9419pt x 405.8914pt>
File: figure8a.pdf Graphic file (type pdf)
 <use figure8a.pdf>
Package pdftex.def Info: figure8a.pdf used on input line 550.
(pdftex.def)             Requested size: 210.52704pt x 180.67499pt.

<figure8b.pdf, id=2483, 487.2218pt x 405.8914pt>
File: figure8b.pdf Graphic file (type pdf)
 <use figure8b.pdf>
Package pdftex.def Info: figure8b.pdf used on input line 551.
(pdftex.def)             Requested size: 216.88364pt x 180.67499pt.

<figure9a.pdf, id=2484, 484.23409pt x 399.55524pt>
File: figure9a.pdf Graphic file (type pdf)
 <use figure9a.pdf>
Package pdftex.def Info: figure9a.pdf used on input line 564.
(pdftex.def)             Requested size: 218.9673pt x 180.67499pt.

<figure10a.pdf, id=2485, 506.03934pt x 409.42021pt>
File: figure10a.pdf Graphic file (type pdf)
 <use figure10a.pdf>
Package pdftex.def Info: figure10a.pdf used on input line 579.
(pdftex.def)             Requested size: 223.31432pt x 180.67499pt.

<figure10b.pdf, id=2486, 506.74509pt x 409.42021pt>
File: figure10b.pdf Graphic file (type pdf)
 <use figure10b.pdf>
Package pdftex.def Info: figure10b.pdf used on input line 580.
(pdftex.def)             Requested size: 223.62576pt x 180.67499pt.

[11 <./figure8a.pdf> <./figure8b.pdf

pdfTeX warning: pdflatex (file ./figure8b.pdf): PDF inclusion: multiple pdfs wi
th page group included in a single page
> <./figure9a.pdf

pdfTeX warning: pdflatex (file ./figure9a.pdf): PDF inclusion: multiple pdfs wi
th page group included in a single page
>]
Missing character: There is no Ã in font cmr10!
Missing character: There is no • in font cmr10!
 (./BLpaper_apj.bbl [12 <./figure10a.pdf> <./figure10b.pdf

pdfTeX warning: pdflatex (file ./figure10b.pdf): PDF inclusion: multiple pdfs w
ith page group included in a single page
>]) [13] [14]
Package atveryend Info: Empty hook `BeforeClearDocument' on input line 793.
 [15]
Package atveryend Info: Empty hook `AfterLastShipout' on input line 793.
 (./BLpaper_apj.aux)
Package atveryend Info: Executing hook `AtVeryEndDocument' on input line 793.
Package atveryend Info: Executing hook `AtEndAfterFileList' on input line 793.
Package rerunfilecheck Info: File `BLpaper_apj.out' has not changed.
(rerunfilecheck)             Checksum: A9F0F43DB82F4B8F760CE472F980AC7A;645.
 ) 
Here is how much of TeX's memory you used:
 9178 strings out of 493117
 128588 string characters out of 6135433
 265668 words of memory out of 5000000
 12352 multiletter control sequences out of 15000+600000
 20788 words of font info for 79 fonts, out of 8000000 for 9000
 1141 hyphenation exceptions out of 8191
 38i,17n,31p,1579b,515s stack positions out of 5000i,500n,10000p,200000b,80000s
</usr/local/texlive/2014/texmf-dist/fonts/type1/public/amsfonts/cm/cmbx10.pfb
></usr/local/texlive/2014/texmf-dist/fonts/type1/public/amsfonts/cm/cmbx8.pfb><
/usr/local/texlive/2014/texmf-dist/fonts/type1/public/amsfonts/cm/cmbxti10.pfb>
</usr/local/texlive/2014/texmf-dist/fonts/type1/public/amsfonts/cm/cmcsc10.pfb>
</usr/local/texlive/2014/texmf-dist/fonts/type1/public/amsfonts/cm/cmex10.pfb><
/usr/local/texlive/2014/texmf-dist/fonts/type1/public/amsfonts/cmextra/cmex7.pf
b></usr/local/texlive/2014/texmf-dist/fonts/type1/public/amsfonts/cmextra/cmex8
.pfb></usr/local/texlive/2014/texmf-dist/fonts/type1/public/amsfonts/cmextra/cm
ex9.pfb></usr/local/texlive/2014/texmf-dist/fonts/type1/public/amsfonts/cm/cmmi
10.pfb></usr/local/texlive/2014/texmf-dist/fonts/type1/public/amsfonts/cm/cmmi5
.pfb></usr/local/texlive/2014/texmf-dist/fonts/type1/public/amsfonts/cm/cmmi6.p
fb></usr/local/texlive/2014/texmf-dist/fonts/type1/public/amsfonts/cm/cmmi7.pfb
></usr/local/texlive/2014/texmf-dist/fonts/type1/public/amsfonts/cm/cmmi8.pfb><
/usr/local/texlive/2014/texmf-dist/fonts/type1/public/amsfonts/cm/cmmi9.pfb></u
sr/local/texlive/2014/texmf-dist/fonts/type1/public/amsfonts/cm/cmmib10.pfb></u
sr/local/texlive/2014/texmf-dist/fonts/type1/public/amsfonts/cmextra/cmmib6.pfb
></usr/local/texlive/2014/texmf-dist/fonts/type1/public/amsfonts/cmextra/cmmib7
.pfb></usr/local/texlive/2014/texmf-dist/fonts/type1/public/amsfonts/cmextra/cm
mib9.pfb></usr/local/texlive/2014/texmf-dist/fonts/type1/public/amsfonts/cm/cmr
10.pfb></usr/local/texlive/2014/texmf-dist/fonts/type1/public/amsfonts/cm/cmr5.
pfb></usr/local/texlive/2014/texmf-dist/fonts/type1/public/amsfonts/cm/cmr6.pfb
></usr/local/texlive/2014/texmf-dist/fonts/type1/public/amsfonts/cm/cmr7.pfb></
usr/local/texlive/2014/texmf-dist/fonts/type1/public/amsfonts/cm/cmr8.pfb></usr
/local/texlive/2014/texmf-dist/fonts/type1/public/amsfonts/cm/cmr9.pfb></usr/lo
cal/texlive/2014/texmf-dist/fonts/type1/public/amsfonts/cm/cmsy10.pfb></usr/loc
al/texlive/2014/texmf-dist/fonts/type1/public/amsfonts/cm/cmsy5.pfb></usr/local
/texlive/2014/texmf-dist/fonts/type1/public/amsfonts/cm/cmsy6.pfb></usr/local/t
exlive/2014/texmf-dist/fonts/type1/public/amsfonts/cm/cmsy7.pfb></usr/local/tex
live/2014/texmf-dist/fonts/type1/public/amsfonts/cm/cmsy8.pfb></usr/local/texli
ve/2014/texmf-dist/fonts/type1/public/amsfonts/cm/cmsy9.pfb></usr/local/texlive
/2014/texmf-dist/fonts/type1/public/amsfonts/cm/cmti10.pfb></usr/local/texlive/
2014/texmf-dist/fonts/type1/public/amsfonts/cm/cmti8.pfb></usr/local/texlive/20
14/texmf-dist/fonts/type1/public/amsfonts/cm/cmtt8.pfb></usr/local/texlive/2014
/texmf-dist/fonts/type1/public/amsfonts/symbols/msam10.pfb></usr/local/texlive/
2014/texmf-dist/fonts/type1/public/amsfonts/symbols/msbm10.pfb></usr/local/texl
ive/2014/texmf-dist/fonts/type1/public/amsfonts/symbols/msbm7.pfb>
Output written on BLpaper_apj.pdf (15 pages, 5378004 bytes).
PDF statistics:
 3266 PDF objects out of 3580 (max. 8388607)
 775 compressed objects within 8 object streams
 94 named destinations out of 1000 (max. 500000)
 188 words of extra memory for PDF output out of 10000 (max. 10000000)

